# JRE version: OpenJDK Runtime Environment (11.0.12+7) (build 11.0.12+7-b1504.28-7817840)
# Java VM: OpenJDK 64-Bit Server VM (11.0.12+7-b1504.28-7817840, mixed mode, tiered, compressed oops, g1 gc, windows-amd64)
Heap:
 garbage-first heap   total 483328K, used 397956K [0x00000000e0000000, 0x0000000100000000)
  region size 1024K, 30 young (30720K), 4 survivors (4096K)
 Metaspace       used 160104K, capacity 166306K, committed 168064K, reserved 401408K
  class space    used 19446K, capacity 21654K, committed 22220K, reserved 253952K
GC Heap History (20 events):
Event: 661.388 GC heap before
{Heap before GC invocations=371 (full 0):
 garbage-first heap   total 473088K, used 408116K [0x00000000e0000000, 0x0000000100000000)
  region size 1024K, 64 young (65536K), 4 survivors (4096K)
 Metaspace       used 160095K, capacity 166266K, committed 167808K, reserved 401408K
  class space    used 19447K, capacity 21657K, committed 22220K, reserved 253952K
}
Event: 661.419 GC heap after
{Heap after GC invocations=372 (full 0):
 garbage-first heap   total 473088K, used 353897K [0x00000000e0000000, 0x0000000100000000)
  region size 1024K, 8 young (8192K), 8 survivors (8192K)
 Metaspace       used 160095K, capacity 166266K, committed 167808K, reserved 401408K
  class space    used 19447K, capacity 21657K, committed 22220K, reserved 253952K
}
Event: 661.612 GC heap before
{Heap before GC invocations=372 (full 0):
 garbage-first heap   total 473088K, used 409193K [0x00000000e0000000, 0x0000000100000000)
  region size 1024K, 62 young (63488K), 8 survivors (8192K)
 Metaspace       used 160099K, capacity 166266K, committed 167808K, reserved 401408K
  class space    used 19447K, capacity 21657K, committed 22220K, reserved 253952K
}
Event: 661.647 GC heap after
{Heap after GC invocations=373 (full 0):
 garbage-first heap   total 473088K, used 357373K [0x00000000e0000000, 0x0000000100000000)
  region size 1024K, 4 young (4096K), 4 survivors (4096K)
 Metaspace       used 160099K, capacity 166266K, committed 167808K, reserved 401408K
  class space    used 19447K, capacity 21657K, committed 22220K, reserved 253952K
}
Event: 661.816 GC heap before
{Heap before GC invocations=373 (full 0):
 garbage-first heap   total 473088K, used 410621K [0x00000000e0000000, 0x0000000100000000)
  region size 1024K, 56 young (57344K), 4 survivors (4096K)
 Metaspace       used 160099K, capacity 166266K, committed 167808K, reserved 401408K
  class space    used 19447K, capacity 21657K, committed 22220K, reserved 253952K
}
Event: 661.841 GC heap after
{Heap after GC invocations=374 (full 0):
 garbage-first heap   total 483328K, used 361472K [0x00000000e0000000, 0x0000000100000000)
  region size 1024K, 7 young (7168K), 7 survivors (7168K)
 Metaspace       used 160099K, capacity 166266K, committed 167808K, reserved 401408K
  class space    used 19447K, capacity 21657K, committed 22220K, reserved 253952K
}
Event: 662.129 GC heap before
{Heap before GC invocations=374 (full 0):
 garbage-first heap   total 483328K, used 418816K [0x00000000e0000000, 0x0000000100000000)
  region size 1024K, 63 young (64512K), 7 survivors (7168K)
 Metaspace       used 160101K, capacity 166266K, committed 167808K, reserved 401408K
  class space    used 19447K, capacity 21657K, committed 22220K, reserved 253952K
}
Event: 662.196 GC heap after
{Heap after GC invocations=375 (full 0):
 garbage-first heap   total 483328K, used 365997K [0x00000000e0000000, 0x0000000100000000)
  region size 1024K, 5 young (5120K), 5 survivors (5120K)
 Metaspace       used 160101K, capacity 166266K, committed 167808K, reserved 401408K
  class space    used 19447K, capacity 21657K, committed 22220K, reserved 253952K
}
Event: 663.947 GC heap before
{Heap before GC invocations=375 (full 0):
 garbage-first heap   total 483328K, used 419245K [0x00000000e0000000, 0x0000000100000000)
  region size 1024K, 58 young (59392K), 5 survivors (5120K)
 Metaspace       used 160085K, capacity 166236K, committed 167808K, reserved 401408K
  class space    used 19444K, capacity 21652K, committed 22220K, reserved 253952K
}
Event: 664.004 GC heap after
{Heap after GC invocations=376 (full 0):
 garbage-first heap   total 483328K, used 367803K [0x00000000e0000000, 0x0000000100000000)
  region size 1024K, 3 young (3072K), 3 survivors (3072K)
 Metaspace       used 160085K, capacity 166236K, committed 167808K, reserved 401408K
  class space    used 19444K, capacity 21652K, committed 22220K, reserved 253952K
}
Event: 664.237 GC heap before
{Heap before GC invocations=376 (full 0):
 garbage-first heap   total 483328K, used 420027K [0x00000000e0000000, 0x0000000100000000)
  region size 1024K, 55 young (56320K), 3 survivors (3072K)
 Metaspace       used 160092K, capacity 166239K, committed 167808K, reserved 401408K
  class space    used 19445K, capacity 21653K, committed 22220K, reserved 253952K
}
Event: 664.268 GC heap after
{Heap after GC invocations=377 (full 0):
 garbage-first heap   total 483328K, used 368337K [0x00000000e0000000, 0x0000000100000000)
  region size 1024K, 4 young (4096K), 4 survivors (4096K)
 Metaspace       used 160092K, capacity 166239K, committed 167808K, reserved 401408K
  class space    used 19445K, capacity 21653K, committed 22220K, reserved 253952K
}
Event: 664.569 GC heap before
{Heap before GC invocations=377 (full 0):
 garbage-first heap   total 483328K, used 422609K [0x00000000e0000000, 0x0000000100000000)
  region size 1024K, 57 young (58368K), 4 survivors (4096K)
 Metaspace       used 160097K, capacity 166242K, committed 167808K, reserved 401408K
  class space    used 19446K, capacity 21654K, committed 22220K, reserved 253952K
}
Event: 664.595 GC heap after
{Heap after GC invocations=378 (full 0):
 garbage-first heap   total 483328K, used 369227K [0x00000000e0000000, 0x0000000100000000)
  region size 1024K, 5 young (5120K), 5 survivors (5120K)
 Metaspace       used 160097K, capacity 166242K, committed 167808K, reserved 401408K
  class space    used 19446K, capacity 21654K, committed 22220K, reserved 253952K
}
Event: 665.536 GC heap before
{Heap before GC invocations=378 (full 0):
 garbage-first heap   total 483328K, used 422475K [0x00000000e0000000, 0x0000000100000000)
  region size 1024K, 58 young (59392K), 5 survivors (5120K)
 Metaspace       used 160100K, capacity 166306K, committed 168064K, reserved 401408K
  class space    used 19446K, capacity 21654K, committed 22220K, reserved 253952K
}
Event: 665.569 GC heap after
{Heap after GC invocations=379 (full 0):
 garbage-first heap   total 483328K, used 370082K [0x00000000e0000000, 0x0000000100000000)
  region size 1024K, 3 young (3072K), 3 survivors (3072K)
 Metaspace       used 160100K, capacity 166306K, committed 168064K, reserved 401408K
  class space    used 19446K, capacity 21654K, committed 22220K, reserved 253952K
}
Event: 666.132 GC heap before
{Heap before GC invocations=379 (full 0):
 garbage-first heap   total 483328K, used 424354K [0x00000000e0000000, 0x0000000100000000)
  region size 1024K, 57 young (58368K), 3 survivors (3072K)
 Metaspace       used 160101K, capacity 166306K, committed 168064K, reserved 401408K
  class space    used 19446K, capacity 21654K, committed 22220K, reserved 253952K
}
Event: 666.152 GC heap after
{Heap after GC invocations=380 (full 0):
 garbage-first heap   total 483328K, used 372178K [0x00000000e0000000, 0x0000000100000000)
  region size 1024K, 5 young (5120K), 5 survivors (5120K)
 Metaspace       used 160101K, capacity 166306K, committed 168064K, reserved 401408K
  class space    used 19446K, capacity 21654K, committed 22220K, reserved 253952K
}
Event: 666.443 GC heap before
{Heap before GC invocations=380 (full 0):
 garbage-first heap   total 483328K, used 426450K [0x00000000e0000000, 0x0000000100000000)
  region size 1024K, 58 young (59392K), 5 survivors (5120K)
 Metaspace       used 160102K, capacity 166306K, committed 168064K, reserved 401408K
  class space    used 19446K, capacity 21654K, committed 22220K, reserved 253952K
}
Event: 666.472 GC heap after
{Heap after GC invocations=381 (full 0):
 garbage-first heap   total 483328K, used 372356K [0x00000000e0000000, 0x0000000100000000)
  region size 1024K, 4 young (4096K), 4 survivors (4096K)
 Metaspace       used 160102K, capacity 166306K, committed 168064K, reserved 401408K
  class space    used 19446K, capacity 21654K, committed 22220K, reserved 253952K
}

